<?xml version="1.0" encoding="UTF-8"?>
<!-- Generated by org.testng.reporters.JUnitReportReporter -->
<testsuite hostname="EPUAODEW00BA" failures="0" tests="9" name="com.epam.calculator.tests.DivWithDoubleTest" time="0.015" errors="0" timestamp="2022-09-27T12:00:32 EEST" skipped="0">
  <testcase classname="com.epam.calculator.tests.DivWithDoubleTest" name="divWithDoubleTest" time="0.001"/>
  <testcase classname="com.epam.calculator.tests.DivWithDoubleTest" name="divWithDoubleTest" time="0.004"/>
  <testcase classname="com.epam.calculator.tests.DivWithDoubleTest" name="divWithDoubleTest" time="0.001"/>
  <testcase classname="com.epam.calculator.tests.DivWithDoubleTest" name="divWithDoubleTest" time="0.001"/>
  <testcase classname="com.epam.calculator.tests.DivWithDoubleTest" name="divWithDoubleTest" time="0.001"/>
  <testcase classname="com.epam.calculator.tests.DivWithDoubleTest" name="divWithDoubleTest" time="0.001"/>
  <testcase classname="com.epam.calculator.tests.DivWithDoubleTest" name="divWithDoubleTest" time="0.001"/>
  <testcase classname="com.epam.calculator.tests.DivWithDoubleTest" name="divWithDoubleTest" time="0.004"/>
  <testcase classname="com.epam.calculator.tests.DivWithDoubleTest" name="divWithDoubleTest" time="0.001"/>
</testsuite> <!-- com.epam.calculator.tests.DivWithDoubleTest -->
