<?xml version="1.0" encoding="UTF-8"?>
<!-- Generated by org.testng.reporters.JUnitReportReporter -->
<testsuite hostname="EPUAODEW00BA" failures="0" tests="5" name="com.epam.calculator.tests.IsNegativeTest" time="0.028" errors="0" timestamp="2022-09-26T12:36:28 EEST" skipped="0">
  <testcase classname="com.epam.calculator.tests.IsNegativeTest" name="isNegativeTest" time="0.003"/>
  <testcase classname="com.epam.calculator.tests.IsNegativeTest" name="isNegativeTest" time="0.002"/>
  <testcase classname="com.epam.calculator.tests.IsNegativeTest" name="isNegativeTest" time="0.004"/>
  <testcase classname="com.epam.calculator.tests.IsNegativeTest" name="isNegativeTest" time="0.011"/>
  <testcase classname="com.epam.calculator.tests.IsNegativeTest" name="isNegativeTest" time="0.008"/>
</testsuite> <!-- com.epam.calculator.tests.IsNegativeTest -->
