<?xml version="1.0" encoding="UTF-8"?>
<!-- Generated by org.testng.reporters.JUnitReportReporter -->
<testsuite hostname="EPUAODEW00BA" failures="0" tests="7" name="com.epam.calculator.tests.SinTest" time="0.013" errors="0" timestamp="2022-09-27T12:01:44 EEST" skipped="0">
  <testcase classname="com.epam.calculator.tests.SinTest" name="cosinusTest" time="0.001"/>
  <testcase classname="com.epam.calculator.tests.SinTest" name="cosinusTest" time="0.005"/>
  <testcase classname="com.epam.calculator.tests.SinTest" name="cosinusTest" time="0.001"/>
  <testcase classname="com.epam.calculator.tests.SinTest" name="cosinusTest" time="0.000"/>
  <testcase classname="com.epam.calculator.tests.SinTest" name="cosinusTest" time="0.001"/>
  <testcase classname="com.epam.calculator.tests.SinTest" name="cosinusTest" time="0.001"/>
  <testcase classname="com.epam.calculator.tests.SinTest" name="cosinusTest" time="0.004"/>
</testsuite> <!-- com.epam.calculator.tests.SinTest -->
