<?xml version="1.0" encoding="UTF-8"?>
<!-- Generated by org.testng.reporters.JUnitReportReporter -->
<testsuite hostname="EPUAODEW00BA" failures="0" tests="8" name="com.epam.calculator.tests.MultWithLongTest" time="0.005" errors="0" timestamp="2022-09-26T12:36:28 EEST" skipped="0">
  <testcase classname="com.epam.calculator.tests.MultWithLongTest" name="multWithLongTest" time="0.000"/>
  <testcase classname="com.epam.calculator.tests.MultWithLongTest" name="multWithLongTest" time="0.002"/>
  <testcase classname="com.epam.calculator.tests.MultWithLongTest" name="multWithLongTest" time="0.001"/>
  <testcase classname="com.epam.calculator.tests.MultWithLongTest" name="multWithLongTest" time="0.000"/>
  <testcase classname="com.epam.calculator.tests.MultWithLongTest" name="multWithLongTest" time="0.001"/>
  <testcase classname="com.epam.calculator.tests.MultWithLongTest" name="multWithLongTest" time="0.000"/>
  <testcase classname="com.epam.calculator.tests.MultWithLongTest" name="multWithLongTest" time="0.000"/>
  <testcase classname="com.epam.calculator.tests.MultWithLongTest" name="multWithLongTest" time="0.001"/>
</testsuite> <!-- com.epam.calculator.tests.MultWithLongTest -->
