<?xml version="1.0" encoding="UTF-8"?>
<!-- Generated by org.testng.reporters.JUnitReportReporter -->
<testsuite hostname="EPUAODEW00BA" failures="0" tests="7" name="com.epam.calculator.tests.DivWithLongTest" time="0.003" errors="0" timestamp="2022-09-26T12:36:28 EEST" skipped="0">
  <testcase classname="com.epam.calculator.tests.DivWithLongTest" name="divWithLongTest" time="0.001"/>
  <testcase classname="com.epam.calculator.tests.DivWithLongTest" name="divWithLongTest" time="0.000"/>
  <testcase classname="com.epam.calculator.tests.DivWithLongTest" name="divWithLongTest" time="0.000"/>
  <testcase classname="com.epam.calculator.tests.DivWithLongTest" name="divWithLongTest" time="0.000"/>
  <testcase classname="com.epam.calculator.tests.DivWithLongTest" name="divWithLongTest" time="0.001"/>
  <testcase classname="com.epam.calculator.tests.DivWithLongTest" name="divWithLongTest" time="0.000"/>
  <testcase classname="com.epam.calculator.tests.DivWithLongTest" name="divWithLongTest" time="0.001"/>
</testsuite> <!-- com.epam.calculator.tests.DivWithLongTest -->
